{"/home/lenovo003/Desktop/pet/express/src/app.ts": {"path":"/home/lenovo003/Desktop/pet/express/src/app.ts","statementMap":{"0":{"start":{"line":1,"column":0},"end":{"line":1,"column":42}},"1":{"start":{"line":4,"column":0},"end":{"line":4,"column":46}},"2":{"start":{"line":5,"column":0},"end":{"line":5,"column":31}},"3":{"start":{"line":6,"column":0},"end":{"line":6,"column":25}},"4":{"start":{"line":9,"column":0},"end":{"line":9,"column":58}},"5":{"start":{"line":10,"column":0},"end":{"line":10,"column":57}},"6":{"start":{"line":11,"column":0},"end":{"line":11,"column":57}},"7":{"start":{"line":14,"column":0},"end":{"line":56,"column":null}},"8":{"start":{"line":20,"column":33},"end":{"line":20,"column":48}},"9":{"start":{"line":21,"column":41},"end":{"line":21,"column":58}},"10":{"start":{"line":22,"column":41},"end":{"line":22,"column":74}},"11":{"start":{"line":23,"column":39},"end":{"line":23,"column":68}},"12":{"start":{"line":24,"column":39},"end":{"line":24,"column":54}},"13":{"start":{"line":26,"column":2},"end":{"line":26,"column":null}},"14":{"start":{"line":27,"column":2},"end":{"line":27,"column":null}},"15":{"start":{"line":31,"column":2},"end":{"line":31,"column":null}},"16":{"start":{"line":32,"column":25},"end":{"line":32,"column":77}},"17":{"start":{"line":33,"column":2},"end":{"line":33,"column":null}},"18":{"start":{"line":37,"column":2},"end":{"line":37,"column":null}},"19":{"start":{"line":41,"column":2},"end":{"line":41,"column":null}},"20":{"start":{"line":45,"column":2},"end":{"line":45,"column":null}},"21":{"start":{"line":46,"column":2},"end":{"line":46,"column":null}},"22":{"start":{"line":47,"column":2},"end":{"line":47,"column":null}},"23":{"start":{"line":48,"column":2},"end":{"line":48,"column":null}},"24":{"start":{"line":49,"column":2},"end":{"line":49,"column":null}},"25":{"start":{"line":50,"column":2},"end":{"line":50,"column":null}},"26":{"start":{"line":54,"column":2},"end":{"line":54,"column":null}},"27":{"start":{"line":14,"column":13},"end":{"line":56,"column":null}},"28":{"start":{"line":14,"column":13},"end":{"line":14,"column":16}}},"fnMap":{"0":{"name":"(anonymous_12)","decl":{"start":{"line":19,"column":1},"end":{"line":19,"column":null}},"loc":{"start":{"line":24,"column":67},"end":{"line":28,"column":2}}},"1":{"name":"(anonymous_13)","decl":{"start":{"line":30,"column":1},"end":{"line":30,"column":14}},"loc":{"start":{"line":30,"column":14},"end":{"line":34,"column":2}}},"2":{"name":"(anonymous_14)","decl":{"start":{"line":36,"column":1},"end":{"line":36,"column":10}},"loc":{"start":{"line":36,"column":10},"end":{"line":38,"column":2}}},"3":{"name":"(anonymous_15)","decl":{"start":{"line":40,"column":1},"end":{"line":40,"column":20}},"loc":{"start":{"line":40,"column":20},"end":{"line":42,"column":2}}},"4":{"name":"(anonymous_16)","decl":{"start":{"line":44,"column":14},"end":{"line":44,"column":18}},"loc":{"start":{"line":44,"column":18},"end":{"line":51,"column":null}}},"5":{"name":"(anonymous_18)","decl":{"start":{"line":53,"column":8},"end":{"line":53,"column":13}},"loc":{"start":{"line":53,"column":13},"end":{"line":55,"column":2}}}},"branchMap":{},"s":{"0":1,"1":1,"2":1,"3":1,"4":1,"5":1,"6":1,"7":1,"8":1,"9":1,"10":1,"11":1,"12":1,"13":1,"14":1,"15":1,"16":1,"17":1,"18":1,"19":1,"20":1,"21":1,"22":1,"23":1,"24":1,"25":1,"26":1,"27":1,"28":1},"f":{"0":1,"1":1,"2":1,"3":1,"4":1,"5":1},"b":{}}
,"/home/lenovo003/Desktop/pet/express/src/main.ts": {"path":"/home/lenovo003/Desktop/pet/express/src/main.ts","statementMap":{"0":{"start":{"line":1,"column":0},"end":{"line":1,"column":27}},"1":{"start":{"line":2,"column":0},"end":{"line":2,"column":55}},"2":{"start":{"line":3,"column":0},"end":{"line":3,"column":58}},"3":{"start":{"line":4,"column":0},"end":{"line":4,"column":59}},"4":{"start":{"line":5,"column":0},"end":{"line":5,"column":66}},"5":{"start":{"line":7,"column":0},"end":{"line":7,"column":31}},"6":{"start":{"line":9,"column":0},"end":{"line":9,"column":25}},"7":{"start":{"line":10,"column":0},"end":{"line":10,"column":52}},"8":{"start":{"line":14,"column":0},"end":{"line":14,"column":55}},"9":{"start":{"line":15,"column":0},"end":{"line":15,"column":57}},"10":{"start":{"line":17,"column":0},"end":{"line":17,"column":58}},"11":{"start":{"line":24,"column":13},"end":{"line":33,"column":null}},"12":{"start":{"line":25,"column":1},"end":{"line":25,"column":null}},"13":{"start":{"line":26,"column":1},"end":{"line":26,"column":null}},"14":{"start":{"line":27,"column":1},"end":{"line":27,"column":null}},"15":{"start":{"line":28,"column":1},"end":{"line":28,"column":null}},"16":{"start":{"line":29,"column":1},"end":{"line":29,"column":null}},"17":{"start":{"line":30,"column":1},"end":{"line":30,"column":null}},"18":{"start":{"line":31,"column":1},"end":{"line":31,"column":null}},"19":{"start":{"line":32,"column":1},"end":{"line":32,"column":null}},"20":{"start":{"line":36,"column":22},"end":{"line":36,"column":37}},"21":{"start":{"line":37,"column":1},"end":{"line":37,"column":null}},"22":{"start":{"line":39,"column":13},"end":{"line":39,"column":53}},"23":{"start":{"line":41,"column":1},"end":{"line":41,"column":null}},"24":{"start":{"line":42,"column":1},"end":{"line":42,"column":null}},"25":{"start":{"line":45,"column":13},"end":{"line":45,"column":null}}},"fnMap":{"0":{"name":"(anonymous_7)","decl":{"start":{"line":24,"column":47},"end":{"line":24,"column":48}},"loc":{"start":{"line":24,"column":73},"end":{"line":33,"column":1}}},"1":{"name":"bootstrap","decl":{"start":{"line":35,"column":15},"end":{"line":35,"column":24}},"loc":{"start":{"line":35,"column":24},"end":{"line":43,"column":null}}}},"branchMap":{},"s":{"0":1,"1":1,"2":1,"3":1,"4":1,"5":1,"6":1,"7":1,"8":1,"9":1,"10":1,"11":1,"12":1,"13":1,"14":1,"15":1,"16":1,"17":1,"18":1,"19":1,"20":1,"21":1,"22":1,"23":1,"24":1,"25":1},"f":{"0":1,"1":1},"b":{}}
,"/home/lenovo003/Desktop/pet/express/src/types.ts": {"path":"/home/lenovo003/Desktop/pet/express/src/types.ts","statementMap":{"0":{"start":{"line":3,"column":13},"end":{"line":12,"column":null}}},"fnMap":{},"branchMap":{},"s":{"0":1},"f":{},"b":{}}
,"/home/lenovo003/Desktop/pet/express/src/common/auth.guard.ts": {"path":"/home/lenovo003/Desktop/pet/express/src/common/auth.guard.ts","statementMap":{"0":{"start":{"line":6,"column":2},"end":{"line":8,"column":null}},"1":{"start":{"line":7,"column":3},"end":{"line":7,"column":null}},"2":{"start":{"line":9,"column":2},"end":{"line":9,"column":null}},"3":{"start":{"line":4,"column":0},"end":{"line":4,"column":13}}},"fnMap":{"0":{"name":"(anonymous_0)","decl":{"start":{"line":5,"column":1},"end":{"line":5,"column":8}},"loc":{"start":{"line":5,"column":56},"end":{"line":10,"column":2}}}},"branchMap":{"0":{"loc":{"start":{"line":6,"column":2},"end":{"line":8,"column":null}},"type":"if","locations":[{"start":{"line":6,"column":2},"end":{"line":8,"column":null}}]}},"s":{"0":2,"1":1,"2":1,"3":1},"f":{"0":2},"b":{"0":[1]}}
,"/home/lenovo003/Desktop/pet/express/src/common/auth.middleware.ts": {"path":"/home/lenovo003/Desktop/pet/express/src/common/auth.middleware.ts","statementMap":{"0":{"start":{"line":3,"column":0},"end":{"line":3,"column":37}},"1":{"start":{"line":6,"column":21},"end":{"line":6,"column":35}},"2":{"start":{"line":9,"column":2},"end":{"line":22,"column":null}},"3":{"start":{"line":10,"column":3},"end":{"line":19,"column":null}},"4":{"start":{"line":11,"column":4},"end":{"line":18,"column":null}},"5":{"start":{"line":12,"column":5},"end":{"line":12,"column":null}},"6":{"start":{"line":13,"column":11},"end":{"line":18,"column":null}},"7":{"start":{"line":16,"column":5},"end":{"line":16,"column":null}},"8":{"start":{"line":17,"column":5},"end":{"line":17,"column":null}},"9":{"start":{"line":21,"column":3},"end":{"line":21,"column":null}},"10":{"start":{"line":5,"column":0},"end":{"line":5,"column":13}}},"fnMap":{"0":{"name":"(anonymous_0)","decl":{"start":{"line":6,"column":1},"end":{"line":6,"column":21}},"loc":{"start":{"line":6,"column":35},"end":{"line":6,"column":39}}},"1":{"name":"(anonymous_1)","decl":{"start":{"line":8,"column":1},"end":{"line":8,"column":8}},"loc":{"start":{"line":8,"column":56},"end":{"line":23,"column":2}}},"2":{"name":"(anonymous_2)","decl":{"start":{"line":10,"column":64},"end":{"line":10,"column":65}},"loc":{"start":{"line":10,"column":81},"end":{"line":19,"column":4}}}},"branchMap":{"0":{"loc":{"start":{"line":9,"column":2},"end":{"line":22,"column":null}},"type":"if","locations":[{"start":{"line":9,"column":2},"end":{"line":22,"column":null}},{"start":{"line":20,"column":9},"end":{"line":22,"column":null}}]},"1":{"loc":{"start":{"line":11,"column":4},"end":{"line":18,"column":null}},"type":"if","locations":[{"start":{"line":11,"column":4},"end":{"line":18,"column":null}},{"start":{"line":13,"column":11},"end":{"line":18,"column":null}}]},"2":{"loc":{"start":{"line":13,"column":11},"end":{"line":18,"column":null}},"type":"if","locations":[{"start":{"line":13,"column":11},"end":{"line":18,"column":null}}]}},"s":{"0":1,"1":1,"2":7,"3":2,"4":2,"5":1,"6":1,"7":1,"8":1,"9":5,"10":1},"f":{"0":1,"1":7,"2":2},"b":{"0":[2,5],"1":[1,1],"2":[1]}}
,"/home/lenovo003/Desktop/pet/express/src/common/base.controller.ts": {"path":"/home/lenovo003/Desktop/pet/express/src/common/base.controller.ts","statementMap":{"0":{"start":{"line":1,"column":0},"end":{"line":1,"column":42}},"1":{"start":{"line":4,"column":0},"end":{"line":4,"column":38}},"2":{"start":{"line":5,"column":0},"end":{"line":5,"column":25}},"3":{"start":{"line":8,"column":0},"end":{"line":41,"column":null}},"4":{"start":{"line":11,"column":21},"end":{"line":11,"column":36}},"5":{"start":{"line":12,"column":2},"end":{"line":12,"column":null}},"6":{"start":{"line":16,"column":2},"end":{"line":16,"column":null}},"7":{"start":{"line":20,"column":2},"end":{"line":20,"column":null}},"8":{"start":{"line":24,"column":2},"end":{"line":24,"column":null}},"9":{"start":{"line":25,"column":2},"end":{"line":25,"column":null}},"10":{"start":{"line":29,"column":2},"end":{"line":29,"column":null}},"11":{"start":{"line":33,"column":2},"end":{"line":39,"column":null}},"12":{"start":{"line":34,"column":3},"end":{"line":34,"column":null}},"13":{"start":{"line":35,"column":22},"end":{"line":35,"column":70}},"14":{"start":{"line":35,"column":52},"end":{"line":35,"column":69}},"15":{"start":{"line":36,"column":19},"end":{"line":36,"column":40}},"16":{"start":{"line":37,"column":20},"end":{"line":37,"column":67}},"17":{"start":{"line":38,"column":3},"end":{"line":38,"column":null}},"18":{"start":{"line":8,"column":22},"end":{"line":41,"column":null}},"19":{"start":{"line":8,"column":22},"end":{"line":8,"column":36}}},"fnMap":{"0":{"name":"(anonymous_2)","decl":{"start":{"line":11,"column":1},"end":{"line":11,"column":21}},"loc":{"start":{"line":11,"column":36},"end":{"line":13,"column":2}}},"1":{"name":"(anonymous_3)","decl":{"start":{"line":15,"column":1},"end":{"line":15,"column":5}},"loc":{"start":{"line":15,"column":11},"end":{"line":17,"column":2}}},"2":{"name":"(anonymous_4)","decl":{"start":{"line":19,"column":8},"end":{"line":19,"column":15}},"loc":{"start":{"line":19,"column":29},"end":{"line":21,"column":2}}},"3":{"name":"(anonymous_5)","decl":{"start":{"line":23,"column":8},"end":{"line":23,"column":12}},"loc":{"start":{"line":23,"column":55},"end":{"line":26,"column":2}}},"4":{"name":"(anonymous_6)","decl":{"start":{"line":28,"column":8},"end":{"line":28,"column":10}},"loc":{"start":{"line":28,"column":39},"end":{"line":30,"column":2}}},"5":{"name":"(anonymous_7)","decl":{"start":{"line":32,"column":11},"end":{"line":32,"column":21}},"loc":{"start":{"line":32,"column":48},"end":{"line":40,"column":2}}},"6":{"name":"(anonymous_8)","decl":{"start":{"line":35,"column":45},"end":{"line":35,"column":46}},"loc":{"start":{"line":35,"column":52},"end":{"line":35,"column":69}}}},"branchMap":{"0":{"loc":{"start":{"line":35,"column":22},"end":{"line":35,"column":70}},"type":"cond-expr","locations":[{"start":{"line":35,"column":39},"end":{"line":35,"column":41}},{"start":{"line":35,"column":39},"end":{"line":35,"column":70}}]},"1":{"loc":{"start":{"line":35,"column":22},"end":{"line":35,"column":41}},"type":"binary-expr","locations":[{"start":{"line":35,"column":22},"end":{"line":35,"column":41}},{"start":{"line":35,"column":39},"end":{"line":35,"column":41}}]},"2":{"loc":{"start":{"line":37,"column":20},"end":{"line":37,"column":67}},"type":"cond-expr","locations":[{"start":{"line":37,"column":33},"end":{"line":37,"column":57}},{"start":{"line":37,"column":60},"end":{"line":37,"column":67}}]}},"s":{"0":1,"1":1,"2":1,"3":1,"4":1,"5":1,"6":1,"7":0,"8":4,"9":4,"10":4,"11":1,"12":3,"13":3,"14":3,"15":3,"16":3,"17":3,"18":1,"19":1},"f":{"0":1,"1":1,"2":0,"3":4,"4":4,"5":1,"6":3},"b":{"0":[0,3],"1":[3,3],"2":[3,0]}}
,"/home/lenovo003/Desktop/pet/express/src/common/validate.middleware.ts": {"path":"/home/lenovo003/Desktop/pet/express/src/common/validate.middleware.ts","statementMap":{"0":{"start":{"line":3,"column":0},"end":{"line":3,"column":66}},"1":{"start":{"line":4,"column":0},"end":{"line":4,"column":42}},"2":{"start":{"line":7,"column":21},"end":{"line":7,"column":62}},"3":{"start":{"line":10,"column":19},"end":{"line":10,"column":59}},"4":{"start":{"line":11,"column":2},"end":{"line":17,"column":null}},"5":{"start":{"line":12,"column":3},"end":{"line":16,"column":null}},"6":{"start":{"line":13,"column":4},"end":{"line":13,"column":null}},"7":{"start":{"line":15,"column":4},"end":{"line":15,"column":null}},"8":{"start":{"line":6,"column":0},"end":{"line":6,"column":13}}},"fnMap":{"0":{"name":"(anonymous_0)","decl":{"start":{"line":7,"column":1},"end":{"line":7,"column":21}},"loc":{"start":{"line":7,"column":62},"end":{"line":7,"column":66}}},"1":{"name":"(anonymous_1)","decl":{"start":{"line":9,"column":1},"end":{"line":9,"column":8}},"loc":{"start":{"line":9,"column":61},"end":{"line":18,"column":2}}},"2":{"name":"(anonymous_2)","decl":{"start":{"line":11,"column":26},"end":{"line":11,"column":27}},"loc":{"start":{"line":11,"column":37},"end":{"line":17,"column":3}}}},"branchMap":{"0":{"loc":{"start":{"line":12,"column":3},"end":{"line":16,"column":null}},"type":"if","locations":[{"start":{"line":12,"column":3},"end":{"line":16,"column":null}},{"start":{"line":14,"column":10},"end":{"line":16,"column":null}}]}},"s":{"0":1,"1":1,"2":2,"3":5,"4":5,"5":5,"6":1,"7":4,"8":1},"f":{"0":2,"1":5,"2":5},"b":{"0":[1,4]}}
,"/home/lenovo003/Desktop/pet/express/src/config/config.service.ts": {"path":"/home/lenovo003/Desktop/pet/express/src/config/config.service.ts","statementMap":{"0":{"start":{"line":2,"column":0},"end":{"line":2,"column":70}},"1":{"start":{"line":3,"column":0},"end":{"line":3,"column":46}},"2":{"start":{"line":4,"column":0},"end":{"line":4,"column":32}},"3":{"start":{"line":8,"column":0},"end":{"line":23,"column":null}},"4":{"start":{"line":10,"column":44},"end":{"line":10,"column":59}},"5":{"start":{"line":11,"column":37},"end":{"line":11,"column":45}},"6":{"start":{"line":12,"column":2},"end":{"line":17,"column":null}},"7":{"start":{"line":13,"column":3},"end":{"line":13,"column":null}},"8":{"start":{"line":15,"column":3},"end":{"line":15,"column":null}},"9":{"start":{"line":16,"column":3},"end":{"line":16,"column":null}},"10":{"start":{"line":21,"column":2},"end":{"line":21,"column":null}},"11":{"start":{"line":8,"column":13},"end":{"line":23,"column":null}},"12":{"start":{"line":8,"column":13},"end":{"line":8,"column":26}}},"fnMap":{"0":{"name":"(anonymous_4)","decl":{"start":{"line":10,"column":1},"end":{"line":10,"column":14}},"loc":{"start":{"line":10,"column":59},"end":{"line":18,"column":2}}},"1":{"name":"(anonymous_5)","decl":{"start":{"line":20,"column":1},"end":{"line":20,"column":4}},"loc":{"start":{"line":20,"column":16},"end":{"line":22,"column":2}}}},"branchMap":{"0":{"loc":{"start":{"line":12,"column":2},"end":{"line":17,"column":null}},"type":"if","locations":[{"start":{"line":12,"column":2},"end":{"line":17,"column":null}},{"start":{"line":14,"column":9},"end":{"line":17,"column":null}}]}},"s":{"0":1,"1":1,"2":1,"3":1,"4":1,"5":1,"6":1,"7":0,"8":1,"9":1,"10":4,"11":1,"12":1},"f":{"0":1,"1":4},"b":{"0":[0,1]}}
,"/home/lenovo003/Desktop/pet/express/src/database/prisma.service.ts": {"path":"/home/lenovo003/Desktop/pet/express/src/database/prisma.service.ts","statementMap":{"0":{"start":{"line":1,"column":0},"end":{"line":1,"column":46}},"1":{"start":{"line":2,"column":0},"end":{"line":2,"column":56}},"2":{"start":{"line":3,"column":0},"end":{"line":3,"column":32}},"3":{"start":{"line":7,"column":0},"end":{"line":28,"column":null}},"4":{"start":{"line":10,"column":44},"end":{"line":10,"column":59}},"5":{"start":{"line":11,"column":2},"end":{"line":11,"column":null}},"6":{"start":{"line":15,"column":2},"end":{"line":22,"column":null}},"7":{"start":{"line":16,"column":3},"end":{"line":16,"column":null}},"8":{"start":{"line":17,"column":3},"end":{"line":17,"column":null}},"9":{"start":{"line":19,"column":3},"end":{"line":21,"column":null}},"10":{"start":{"line":20,"column":4},"end":{"line":20,"column":null}},"11":{"start":{"line":26,"column":2},"end":{"line":26,"column":null}},"12":{"start":{"line":7,"column":13},"end":{"line":28,"column":null}},"13":{"start":{"line":7,"column":13},"end":{"line":7,"column":26}}},"fnMap":{"0":{"name":"(anonymous_11)","decl":{"start":{"line":10,"column":1},"end":{"line":10,"column":14}},"loc":{"start":{"line":10,"column":59},"end":{"line":12,"column":2}}},"1":{"name":"(anonymous_12)","decl":{"start":{"line":14,"column":7},"end":{"line":14,"column":14}},"loc":{"start":{"line":14,"column":14},"end":{"line":23,"column":null}}},"2":{"name":"(anonymous_14)","decl":{"start":{"line":25,"column":7},"end":{"line":25,"column":17}},"loc":{"start":{"line":25,"column":17},"end":{"line":27,"column":null}}}},"branchMap":{"0":{"loc":{"start":{"line":19,"column":3},"end":{"line":21,"column":null}},"type":"if","locations":[{"start":{"line":19,"column":3},"end":{"line":21,"column":null}}]}},"s":{"0":1,"1":1,"2":1,"3":1,"4":1,"5":1,"6":1,"7":1,"8":1,"9":0,"10":0,"11":0,"12":1,"13":1},"f":{"0":1,"1":1,"2":0},"b":{"0":[0]}}
,"/home/lenovo003/Desktop/pet/express/src/errors/exception.filter.ts": {"path":"/home/lenovo003/Desktop/pet/express/src/errors/exception.filter.ts","statementMap":{"0":{"start":{"line":4,"column":0},"end":{"line":4,"column":47}},"1":{"start":{"line":5,"column":0},"end":{"line":5,"column":46}},"2":{"start":{"line":7,"column":0},"end":{"line":7,"column":32}},"3":{"start":{"line":8,"column":0},"end":{"line":8,"column":25}},"4":{"start":{"line":11,"column":0},"end":{"line":24,"column":null}},"5":{"start":{"line":12,"column":44},"end":{"line":12,"column":59}},"6":{"start":{"line":15,"column":2},"end":{"line":22,"column":null}},"7":{"start":{"line":16,"column":3},"end":{"line":16,"column":null}},"8":{"start":{"line":17,"column":3},"end":{"line":17,"column":null}},"9":{"start":{"line":19,"column":3},"end":{"line":19,"column":null}},"10":{"start":{"line":21,"column":3},"end":{"line":21,"column":null}},"11":{"start":{"line":11,"column":13},"end":{"line":24,"column":null}},"12":{"start":{"line":11,"column":13},"end":{"line":11,"column":28}}},"fnMap":{"0":{"name":"(anonymous_4)","decl":{"start":{"line":12,"column":1},"end":{"line":12,"column":14}},"loc":{"start":{"line":12,"column":59},"end":{"line":12,"column":63}}},"1":{"name":"(anonymous_5)","decl":{"start":{"line":14,"column":1},"end":{"line":14,"column":6}},"loc":{"start":{"line":14,"column":79},"end":{"line":23,"column":2}}}},"branchMap":{"0":{"loc":{"start":{"line":15,"column":2},"end":{"line":22,"column":null}},"type":"if","locations":[{"start":{"line":15,"column":2},"end":{"line":22,"column":null}},{"start":{"line":18,"column":9},"end":{"line":22,"column":null}}]}},"s":{"0":1,"1":1,"2":1,"3":1,"4":1,"5":1,"6":1,"7":1,"8":1,"9":0,"10":0,"11":1,"12":1},"f":{"0":1,"1":1},"b":{"0":[1,0]}}
,"/home/lenovo003/Desktop/pet/express/src/errors/http-error.class.ts": {"path":"/home/lenovo003/Desktop/pet/express/src/errors/http-error.class.ts","statementMap":{"0":{"start":{"line":6,"column":2},"end":{"line":6,"column":null}},"1":{"start":{"line":7,"column":2},"end":{"line":7,"column":null}},"2":{"start":{"line":8,"column":2},"end":{"line":8,"column":null}},"3":{"start":{"line":9,"column":2},"end":{"line":9,"column":null}},"4":{"start":{"line":1,"column":0},"end":{"line":1,"column":13}}},"fnMap":{"0":{"name":"(anonymous_0)","decl":{"start":{"line":5,"column":1},"end":{"line":5,"column":13}},"loc":{"start":{"line":5,"column":66},"end":{"line":10,"column":2}}}},"branchMap":{},"s":{"0":1,"1":1,"2":1,"3":1,"4":1},"f":{"0":1},"b":{}}
,"/home/lenovo003/Desktop/pet/express/src/logger/logger.service.ts": {"path":"/home/lenovo003/Desktop/pet/express/src/logger/logger.service.ts","statementMap":{"0":{"start":{"line":1,"column":0},"end":{"line":1,"column":30}},"1":{"start":{"line":3,"column":0},"end":{"line":3,"column":38}},"2":{"start":{"line":4,"column":0},"end":{"line":4,"column":25}},"3":{"start":{"line":7,"column":0},"end":{"line":30,"column":null}},"4":{"start":{"line":11,"column":2},"end":{"line":16,"column":null}},"5":{"start":{"line":20,"column":2},"end":{"line":20,"column":null}},"6":{"start":{"line":24,"column":2},"end":{"line":24,"column":null}},"7":{"start":{"line":28,"column":2},"end":{"line":28,"column":null}},"8":{"start":{"line":7,"column":13},"end":{"line":30,"column":null}},"9":{"start":{"line":7,"column":13},"end":{"line":7,"column":26}}},"fnMap":{"0":{"name":"(anonymous_2)","decl":{"start":{"line":10,"column":1},"end":{"line":10,"column":null}},"loc":{"start":{"line":10,"column":1},"end":{"line":17,"column":2}}},"1":{"name":"(anonymous_3)","decl":{"start":{"line":19,"column":1},"end":{"line":19,"column":4}},"loc":{"start":{"line":19,"column":23},"end":{"line":21,"column":2}}},"2":{"name":"(anonymous_4)","decl":{"start":{"line":23,"column":1},"end":{"line":23,"column":6}},"loc":{"start":{"line":23,"column":25},"end":{"line":25,"column":2}}},"3":{"name":"(anonymous_5)","decl":{"start":{"line":27,"column":1},"end":{"line":27,"column":5}},"loc":{"start":{"line":27,"column":24},"end":{"line":29,"column":2}}}},"branchMap":{},"s":{"0":1,"1":1,"2":1,"3":1,"4":1,"5":6,"6":1,"7":0,"8":1,"9":1},"f":{"0":1,"1":6,"2":1,"3":0},"b":{}}
,"/home/lenovo003/Desktop/pet/express/src/users/user.entity.ts": {"path":"/home/lenovo003/Desktop/pet/express/src/users/user.entity.ts","statementMap":{"0":{"start":{"line":1,"column":0},"end":{"line":1,"column":40}},"1":{"start":{"line":6,"column":19},"end":{"line":6,"column":33}},"2":{"start":{"line":7,"column":19},"end":{"line":7,"column":32}},"3":{"start":{"line":10,"column":2},"end":{"line":12,"column":null}},"4":{"start":{"line":11,"column":3},"end":{"line":11,"column":null}},"5":{"start":{"line":16,"column":2},"end":{"line":16,"column":null}},"6":{"start":{"line":20,"column":2},"end":{"line":20,"column":null}},"7":{"start":{"line":24,"column":2},"end":{"line":24,"column":null}},"8":{"start":{"line":28,"column":2},"end":{"line":28,"column":null}},"9":{"start":{"line":32,"column":2},"end":{"line":32,"column":null}},"10":{"start":{"line":3,"column":0},"end":{"line":3,"column":13}}},"fnMap":{"0":{"name":"(anonymous_7)","decl":{"start":{"line":5,"column":1},"end":{"line":5,"column":null}},"loc":{"start":{"line":8,"column":23},"end":{"line":13,"column":2}}},"1":{"name":"(anonymous_8)","decl":{"start":{"line":15,"column":1},"end":{"line":15,"column":5}},"loc":{"start":{"line":15,"column":10},"end":{"line":17,"column":2}}},"2":{"name":"(anonymous_9)","decl":{"start":{"line":19,"column":1},"end":{"line":19,"column":5}},"loc":{"start":{"line":19,"column":9},"end":{"line":21,"column":2}}},"3":{"name":"(anonymous_10)","decl":{"start":{"line":23,"column":1},"end":{"line":23,"column":5}},"loc":{"start":{"line":23,"column":13},"end":{"line":25,"column":2}}},"4":{"name":"(anonymous_11)","decl":{"start":{"line":27,"column":14},"end":{"line":27,"column":25}},"loc":{"start":{"line":27,"column":52},"end":{"line":29,"column":null}}},"5":{"name":"(anonymous_13)","decl":{"start":{"line":31,"column":14},"end":{"line":31,"column":29}},"loc":{"start":{"line":31,"column":42},"end":{"line":33,"column":null}}}},"branchMap":{"0":{"loc":{"start":{"line":10,"column":2},"end":{"line":12,"column":null}},"type":"if","locations":[{"start":{"line":10,"column":2},"end":{"line":12,"column":null}}]}},"s":{"0":1,"1":3,"2":3,"3":3,"4":3,"5":0,"6":0,"7":0,"8":0,"9":3,"10":1},"f":{"0":3,"1":0,"2":0,"3":0,"4":0,"5":3},"b":{"0":[3]}}
,"/home/lenovo003/Desktop/pet/express/src/users/users.controller.ts": {"path":"/home/lenovo003/Desktop/pet/express/src/users/users.controller.ts","statementMap":{"0":{"start":{"line":1,"column":0},"end":{"line":1,"column":58}},"1":{"start":{"line":3,"column":0},"end":{"line":3,"column":55}},"2":{"start":{"line":4,"column":0},"end":{"line":4,"column":46}},"3":{"start":{"line":5,"column":0},"end":{"line":5,"column":32}},"4":{"start":{"line":7,"column":0},"end":{"line":7,"column":25}},"5":{"start":{"line":9,"column":0},"end":{"line":9,"column":51}},"6":{"start":{"line":10,"column":0},"end":{"line":10,"column":57}},"7":{"start":{"line":12,"column":0},"end":{"line":12,"column":66}},"8":{"start":{"line":13,"column":0},"end":{"line":13,"column":35}},"9":{"start":{"line":16,"column":0},"end":{"line":16,"column":48}},"10":{"start":{"line":19,"column":0},"end":{"line":97,"column":null}},"11":{"start":{"line":25,"column":2},"end":{"line":25,"column":null}},"12":{"start":{"line":21,"column":33},"end":{"line":21,"column":55}},"13":{"start":{"line":22,"column":38},"end":{"line":22,"column":64}},"14":{"start":{"line":23,"column":39},"end":{"line":23,"column":68}},"15":{"start":{"line":26,"column":2},"end":{"line":45,"column":null}},"16":{"start":{"line":53,"column":17},"end":{"line":53,"column":62}},"17":{"start":{"line":54,"column":2},"end":{"line":56,"column":null}},"18":{"start":{"line":55,"column":3},"end":{"line":55,"column":null}},"19":{"start":{"line":57,"column":14},"end":{"line":57,"column":82}},"20":{"start":{"line":59,"column":2},"end":{"line":59,"column":null}},"21":{"start":{"line":67,"column":15},"end":{"line":67,"column":54}},"22":{"start":{"line":68,"column":2},"end":{"line":70,"column":null}},"23":{"start":{"line":69,"column":3},"end":{"line":69,"column":null}},"24":{"start":{"line":71,"column":2},"end":{"line":71,"column":null}},"25":{"start":{"line":75,"column":2},"end":{"line":90,"column":null}},"26":{"start":{"line":76,"column":3},"end":{"line":89,"column":null}},"27":{"start":{"line":84,"column":5},"end":{"line":86,"column":null}},"28":{"start":{"line":85,"column":6},"end":{"line":85,"column":null}},"29":{"start":{"line":87,"column":5},"end":{"line":87,"column":null}},"30":{"start":{"line":94,"column":19},"end":{"line":94,"column":59}},"31":{"start":{"line":95,"column":2},"end":{"line":95,"column":null}},"32":{"start":{"line":19,"column":13},"end":{"line":97,"column":null}},"33":{"start":{"line":19,"column":13},"end":{"line":19,"column":28}}},"fnMap":{"0":{"name":"(anonymous_11)","decl":{"start":{"line":20,"column":1},"end":{"line":20,"column":null}},"loc":{"start":{"line":23,"column":68},"end":{"line":46,"column":2}}},"1":{"name":"(anonymous_12)","decl":{"start":{"line":48,"column":7},"end":{"line":48,"column":12}},"loc":{"start":{"line":51,"column":20},"end":{"line":60,"column":null}}},"2":{"name":"(anonymous_14)","decl":{"start":{"line":62,"column":7},"end":{"line":62,"column":15}},"loc":{"start":{"line":65,"column":20},"end":{"line":72,"column":null}}},"3":{"name":"(anonymous_16)","decl":{"start":{"line":74,"column":9},"end":{"line":74,"column":16}},"loc":{"start":{"line":74,"column":46},"end":{"line":91,"column":2}}},"4":{"name":"(anonymous_17)","decl":{"start":{"line":75,"column":29},"end":{"line":75,"column":30}},"loc":{"start":{"line":75,"column":49},"end":{"line":90,"column":3}}},"5":{"name":"(anonymous_18)","decl":{"start":{"line":83,"column":4},"end":{"line":83,"column":5}},"loc":{"start":{"line":83,"column":21},"end":{"line":88,"column":5}}},"6":{"name":"(anonymous_19)","decl":{"start":{"line":93,"column":7},"end":{"line":93,"column":11}},"loc":{"start":{"line":93,"column":77},"end":{"line":96,"column":null}}}},"branchMap":{"0":{"loc":{"start":{"line":54,"column":2},"end":{"line":56,"column":null}},"type":"if","locations":[{"start":{"line":54,"column":2},"end":{"line":56,"column":null}}]},"1":{"loc":{"start":{"line":68,"column":2},"end":{"line":70,"column":null}},"type":"if","locations":[{"start":{"line":68,"column":2},"end":{"line":70,"column":null}}]},"2":{"loc":{"start":{"line":84,"column":5},"end":{"line":86,"column":null}},"type":"if","locations":[{"start":{"line":84,"column":5},"end":{"line":86,"column":null}}]},"3":{"loc":{"start":{"line":95,"column":24},"end":{"line":95,"column":39}},"type":"cond-expr","locations":[{"start":{"line":95,"column":32},"end":{"line":95,"column":34}},{"start":{"line":95,"column":24},"end":{"line":95,"column":39}}]},"4":{"loc":{"start":{"line":95,"column":24},"end":{"line":95,"column":34}},"type":"binary-expr","locations":[{"start":{"line":95,"column":24},"end":{"line":95,"column":34}},{"start":{"line":95,"column":24},"end":{"line":95,"column":34}}]},"5":{"loc":{"start":{"line":95,"column":45},"end":{"line":95,"column":57}},"type":"cond-expr","locations":[{"start":{"line":95,"column":53},"end":{"line":95,"column":55}},{"start":{"line":95,"column":45},"end":{"line":95,"column":57}}]},"6":{"loc":{"start":{"line":95,"column":45},"end":{"line":95,"column":55}},"type":"binary-expr","locations":[{"start":{"line":95,"column":45},"end":{"line":95,"column":55}},{"start":{"line":95,"column":45},"end":{"line":95,"column":55}}]}},"s":{"0":1,"1":1,"2":1,"3":1,"4":1,"5":1,"6":1,"7":1,"8":1,"9":1,"10":1,"11":1,"12":1,"13":1,"14":1,"15":1,"16":4,"17":4,"18":1,"19":3,"20":3,"21":0,"22":0,"23":0,"24":0,"25":3,"26":3,"27":3,"28":0,"29":3,"30":1,"31":1,"32":1,"33":1},"f":{"0":1,"1":4,"2":0,"3":3,"4":3,"5":3,"6":1},"b":{"0":[1],"1":[0],"2":[0],"3":[0,1],"4":[1,1],"5":[0,1],"6":[1,1]}}
,"/home/lenovo003/Desktop/pet/express/src/users/users.repository.ts": {"path":"/home/lenovo003/Desktop/pet/express/src/users/users.repository.ts","statementMap":{"0":{"start":{"line":4,"column":0},"end":{"line":4,"column":46}},"1":{"start":{"line":5,"column":0},"end":{"line":5,"column":32}},"2":{"start":{"line":6,"column":0},"end":{"line":6,"column":58}},"3":{"start":{"line":9,"column":0},"end":{"line":24,"column":null}},"4":{"start":{"line":10,"column":50},"end":{"line":10,"column":65}},"5":{"start":{"line":12,"column":2},"end":{"line":18,"column":null}},"6":{"start":{"line":22,"column":2},"end":{"line":22,"column":null}},"7":{"start":{"line":9,"column":13},"end":{"line":24,"column":null}},"8":{"start":{"line":9,"column":13},"end":{"line":9,"column":28}}},"fnMap":{"0":{"name":"(anonymous_11)","decl":{"start":{"line":10,"column":1},"end":{"line":10,"column":14}},"loc":{"start":{"line":10,"column":78},"end":{"line":10,"column":82}}},"1":{"name":"(anonymous_12)","decl":{"start":{"line":11,"column":7},"end":{"line":11,"column":13}},"loc":{"start":{"line":11,"column":45},"end":{"line":19,"column":null}}},"2":{"name":"(anonymous_14)","decl":{"start":{"line":21,"column":7},"end":{"line":21,"column":11}},"loc":{"start":{"line":21,"column":25},"end":{"line":23,"column":null}}}},"branchMap":{},"s":{"0":1,"1":1,"2":1,"3":1,"4":1,"5":0,"6":5,"7":1,"8":1},"f":{"0":1,"1":0,"2":5},"b":{}}
,"/home/lenovo003/Desktop/pet/express/src/users/users.service.ts": {"path":"/home/lenovo003/Desktop/pet/express/src/users/users.service.ts","statementMap":{"0":{"start":{"line":4,"column":0},"end":{"line":4,"column":46}},"1":{"start":{"line":5,"column":0},"end":{"line":5,"column":25}},"2":{"start":{"line":6,"column":0},"end":{"line":6,"column":36}},"3":{"start":{"line":7,"column":0},"end":{"line":7,"column":32}},"4":{"start":{"line":13,"column":0},"end":{"line":44,"column":null}},"5":{"start":{"line":15,"column":39},"end":{"line":15,"column":68}},"6":{"start":{"line":16,"column":41},"end":{"line":16,"column":74}},"7":{"start":{"line":20,"column":18},"end":{"line":20,"column":39}},"8":{"start":{"line":21,"column":15},"end":{"line":21,"column":45}},"9":{"start":{"line":22,"column":2},"end":{"line":22,"column":null}},"10":{"start":{"line":23,"column":22},"end":{"line":23,"column":60}},"11":{"start":{"line":24,"column":2},"end":{"line":26,"column":null}},"12":{"start":{"line":25,"column":3},"end":{"line":25,"column":null}},"13":{"start":{"line":28,"column":2},"end":{"line":28,"column":null}},"14":{"start":{"line":32,"column":22},"end":{"line":32,"column":60}},"15":{"start":{"line":33,"column":2},"end":{"line":35,"column":null}},"16":{"start":{"line":34,"column":3},"end":{"line":34,"column":null}},"17":{"start":{"line":37,"column":18},"end":{"line":37,"column":85}},"18":{"start":{"line":38,"column":2},"end":{"line":38,"column":null}},"19":{"start":{"line":42,"column":2},"end":{"line":42,"column":null}},"20":{"start":{"line":13,"column":13},"end":{"line":44,"column":null}},"21":{"start":{"line":13,"column":13},"end":{"line":13,"column":25}}},"fnMap":{"0":{"name":"(anonymous_11)","decl":{"start":{"line":14,"column":1},"end":{"line":14,"column":null}},"loc":{"start":{"line":16,"column":74},"end":{"line":17,"column":5}}},"1":{"name":"(anonymous_12)","decl":{"start":{"line":19,"column":7},"end":{"line":19,"column":17}},"loc":{"start":{"line":19,"column":60},"end":{"line":29,"column":null}}},"2":{"name":"(anonymous_14)","decl":{"start":{"line":31,"column":7},"end":{"line":31,"column":19}},"loc":{"start":{"line":31,"column":53},"end":{"line":39,"column":null}}},"3":{"name":"(anonymous_16)","decl":{"start":{"line":41,"column":7},"end":{"line":41,"column":18}},"loc":{"start":{"line":41,"column":32},"end":{"line":43,"column":null}}}},"branchMap":{"0":{"loc":{"start":{"line":24,"column":2},"end":{"line":26,"column":null}},"type":"if","locations":[{"start":{"line":24,"column":2},"end":{"line":26,"column":null}}]},"1":{"loc":{"start":{"line":33,"column":2},"end":{"line":35,"column":null}},"type":"if","locations":[{"start":{"line":33,"column":2},"end":{"line":35,"column":null}}]}},"s":{"0":1,"1":1,"2":1,"3":1,"4":1,"5":1,"6":1,"7":0,"8":0,"9":0,"10":0,"11":0,"12":0,"13":0,"14":4,"15":4,"16":1,"17":3,"18":3,"19":1,"20":1,"21":1},"f":{"0":1,"1":0,"2":4,"3":1},"b":{"0":[0],"1":[1]}}
,"/home/lenovo003/Desktop/pet/express/src/users/dto/user-login.dto.ts": {"path":"/home/lenovo003/Desktop/pet/express/src/users/dto/user-login.dto.ts","statementMap":{"0":{"start":{"line":1,"column":0},"end":{"line":1,"column":51}},"1":{"start":{"line":5,"column":1},"end":{"line":5,"column":null}},"2":{"start":{"line":8,"column":1},"end":{"line":8,"column":null}},"3":{"start":{"line":3,"column":0},"end":{"line":3,"column":13}}},"fnMap":{},"branchMap":{},"s":{"0":1,"1":1,"2":1,"3":1},"f":{},"b":{}}
,"/home/lenovo003/Desktop/pet/express/src/users/dto/user-register.dto.ts": {"path":"/home/lenovo003/Desktop/pet/express/src/users/dto/user-register.dto.ts","statementMap":{"0":{"start":{"line":1,"column":0},"end":{"line":1,"column":51}},"1":{"start":{"line":5,"column":1},"end":{"line":5,"column":null}},"2":{"start":{"line":8,"column":1},"end":{"line":8,"column":null}},"3":{"start":{"line":11,"column":1},"end":{"line":11,"column":null}},"4":{"start":{"line":3,"column":0},"end":{"line":3,"column":13}}},"fnMap":{},"branchMap":{},"s":{"0":1,"1":1,"2":1,"3":1,"4":1},"f":{},"b":{}}
}
